<?xml version="1.0" encoding="UTF-8"?>
<testsuite xmlns:xsi="http://www.w3.org/2001/XMLSchema-instance" xsi:noNamespaceSchemaLocation="https://maven.apache.org/surefire/maven-surefire-plugin/xsd/surefire-test-report.xsd" version="3.0.2" name="com.pe.recepcion.RecepcionApplicationTests" time="9.049" tests="1" errors="0" skipped="0" failures="0">
  <properties>
[...]
</properties>
  <testcase name="contextLoads" classname="com.pe.recepcion.RecepcionApplicationTests" time="0.845">
    <system-out><![CDATA[00:49:59.414 [main] INFO org.springframework.test.context.support.AnnotationConfigContextLoaderUtils -- Could not detect default configuration classes for test class [com.pe.recepcion.RecepcionApplicationTests]: RecepcionApplicationTests does not declare any static, non-private, non-final, nested classes annotated with @Configuration.
00:49:59.609 [main] INFO org.springframework.boot.test.context.SpringBootTestContextBootstrapper -- Found @SpringBootConfiguration com.pe.recepcion.RecepcionApplication for test class com.pe.recepcion.RecepcionApplicationTests

  .   ____          _            __ _ _
 /\\ / ___'_ __ _ _(_)_ __  __ _ \ \ \ \
( ( )\___ | '_ | '_| | '_ \/ _` | \ \ \ \
 \\/  ___)| |_)| | | | | || (_| |  ) ) ) )
  '  |____| .__|_| |_|_| |_\__, | / / / /
 =========|_|==============|___/=/_/_/_/

 :: Spring Boot ::                (v3.5.3)

2025-07-09T00:50:00.422-05:00  INFO 21172 --- [recepcion] [           main] c.p.recepcion.RecepcionApplicationTests  : Starting RecepcionApplicationTests using Java 24.0.1 with PID 21172 (started by NTTDATA in C:\Users\NTTDATA\Desktop\Sergio\projects\invitation-matri\back\recepcion)
2025-07-09T00:50:00.425-05:00  INFO 21172 --- [recepcion] [           main] c.p.recepcion.RecepcionApplicationTests  : No active profile set, falling back to 1 default profile: "default"
2025-07-09T00:50:01.534-05:00  INFO 21172 --- [recepcion] [           main] .s.d.r.c.RepositoryConfigurationDelegate : Bootstrapping Spring Data MongoDB repositories in DEFAULT mode.
2025-07-09T00:50:01.638-05:00  INFO 21172 --- [recepcion] [           main] .s.d.r.c.RepositoryConfigurationDelegate : Finished Spring Data repository scanning in 95 ms. Found 3 MongoDB repository interfaces.
2025-07-09T00:50:02.621-05:00  INFO 21172 --- [recepcion] [8p6.mongodb.net] org.mongodb.driver.cluster               : Adding discovered server ac-uifxa1f-shard-00-02.qy9a8p6.mongodb.net:27017 to client view of cluster
2025-07-09T00:50:02.660-05:00  INFO 21172 --- [recepcion] [8p6.mongodb.net] org.mongodb.driver.cluster               : Adding discovered server ac-uifxa1f-shard-00-00.qy9a8p6.mongodb.net:27017 to client view of cluster
2025-07-09T00:50:02.661-05:00  INFO 21172 --- [recepcion] [           main] org.mongodb.driver.client                : MongoClient with metadata {"application": {"name": "reception"}, "driver": {"name": "mongo-java-driver|sync|spring-boot", "version": "5.5.1"}, "os": {"type": "Windows", "name": "Windows 10", "architecture": "amd64", "version": "10.0"}, "platform": "Java/Oracle Corporation/24.0.1+9-30"} created with settings MongoClientSettings{readPreference=primary, writeConcern=WriteConcern{w=majority, wTimeout=null ms, journal=null}, retryWrites=true, retryReads=true, readConcern=ReadConcern{level=null}, credential=MongoCredential{mechanism=null, userName='admin', source='admin', password=<hidden>, mechanismProperties=<hidden>}, transportSettings=null, commandListeners=[], codecRegistry=ProvidersCodecRegistry{codecProviders=[ValueCodecProvider{}, BsonValueCodecProvider{}, DBRefCodecProvider{}, DBObjectCodecProvider{}, DocumentCodecProvider{}, CollectionCodecProvider{}, IterableCodecProvider{}, MapCodecProvider{}, GeoJsonCodecProvider{}, GridFSFileCodecProvider{}, Jsr310CodecProvider{}, JsonObjectCodecProvider{}, BsonCodecProvider{}, EnumCodecProvider{}, com.mongodb.client.model.mql.ExpressionCodecProvider@66fbc5e7, com.mongodb.Jep395RecordCodecProvider@9accff0, com.mongodb.KotlinCodecProvider@52559a69]}, loggerSettings=LoggerSettings{maxDocumentLength=1000}, clusterSettings={hosts=[127.0.0.1:27017], srvHost=reception.qy9a8p6.mongodb.net, srvServiceName=mongodb, mode=MULTIPLE, requiredClusterType=REPLICA_SET, requiredReplicaSetName='atlas-a4xqq4-shard-0', serverSelector='null', clusterListeners='[]', serverSelectionTimeout='30000 ms', localThreshold='15 ms'}, socketSettings=SocketSettings{connectTimeoutMS=10000, readTimeoutMS=0, receiveBufferSize=0, proxySettings=ProxySettings{host=null, port=null, username=null, password=null}}, heartbeatSocketSettings=SocketSettings{connectTimeoutMS=10000, readTimeoutMS=10000, receiveBufferSize=0, proxySettings=ProxySettings{host=null, port=null, username=null, password=null}}, connectionPoolSettings=ConnectionPoolSettings{maxSize=100, minSize=0, maxWaitTimeMS=120000, maxConnectionLifeTimeMS=0, maxConnectionIdleTimeMS=0, maintenanceInitialDelayMS=0, maintenanceFrequencyMS=60000, connectionPoolListeners=[], maxConnecting=2}, serverSettings=ServerSettings{heartbeatFrequencyMS=10000, minHeartbeatFrequencyMS=500, serverMonitoringMode=AUTO, serverListeners='[]', serverMonitorListeners='[]'}, sslSettings=SslSettings{enabled=true, invalidHostNameAllowed=false, context=null}, applicationName='reception', compressorList=[], uuidRepresentation=JAVA_LEGACY, serverApi=null, autoEncryptionSettings=null, dnsClient=null, inetAddressResolver=null, contextProvider=null, timeoutMS=null}
2025-07-09T00:50:02.664-05:00  INFO 21172 --- [recepcion] [8p6.mongodb.net] org.mongodb.driver.cluster               : Adding discovered server ac-uifxa1f-shard-00-01.qy9a8p6.mongodb.net:27017 to client view of cluster
2025-07-09T00:50:03.778-05:00  INFO 21172 --- [recepcion] [           main] r$InitializeUserDetailsManagerConfigurer : Global AuthenticationManager configured with UserDetailsService bean with name userDetailsServiceImpl
2025-07-09T00:50:04.044-05:00  INFO 21172 --- [recepcion] [ngodb.net:27017] org.mongodb.driver.cluster               : Monitor thread successfully connected to server with description ServerDescription{address=ac-uifxa1f-shard-00-00.qy9a8p6.mongodb.net:27017, type=REPLICA_SET_SECONDARY, cryptd=false, state=CONNECTED, ok=true, minWireVersion=0, maxWireVersion=25, maxDocumentSize=16777216, logicalSessionTimeoutMinutes=30, roundTripTimeNanos=942042300, minRoundTripTimeNanos=0, setName='atlas-a4xqq4-shard-0', canonicalAddress=ac-uifxa1f-shard-00-00.qy9a8p6.mongodb.net:27017, hosts=[ac-uifxa1f-shard-00-00.qy9a8p6.mongodb.net:27017, ac-uifxa1f-shard-00-02.qy9a8p6.mongodb.net:27017, ac-uifxa1f-shard-00-01.qy9a8p6.mongodb.net:27017], passives=[], arbiters=[], primary='ac-uifxa1f-shard-00-02.qy9a8p6.mongodb.net:27017', tagSet=TagSet{[Tag{name='availabilityZone', value='sae1-az1'}, Tag{name='diskState', value='READY'}, Tag{name='nodeType', value='ELECTABLE'}, Tag{name='provider', value='AWS'}, Tag{name='region', value='SA_EAST_1'}, Tag{name='workloadType', value='OPERATIONAL'}]}, electionId=null, setVersion=16, topologyVersion=TopologyVersion{processId=68669e991e7946b42f1fd4e4, counter=4}, lastWriteDate=Wed Jul 09 00:50:03 GMT-05:00 2025, lastUpdateTimeNanos=190114660260500}
2025-07-09T00:50:04.044-05:00  INFO 21172 --- [recepcion] [ngodb.net:27017] org.mongodb.driver.cluster               : Monitor thread successfully connected to server with description ServerDescription{address=ac-uifxa1f-shard-00-02.qy9a8p6.mongodb.net:27017, type=REPLICA_SET_PRIMARY, cryptd=false, state=CONNECTED, ok=true, minWireVersion=0, maxWireVersion=25, maxDocumentSize=16777216, logicalSessionTimeoutMinutes=30, roundTripTimeNanos=943429400, minRoundTripTimeNanos=0, setName='atlas-a4xqq4-shard-0', canonicalAddress=ac-uifxa1f-shard-00-02.qy9a8p6.mongodb.net:27017, hosts=[ac-uifxa1f-shard-00-00.qy9a8p6.mongodb.net:27017, ac-uifxa1f-shard-00-02.qy9a8p6.mongodb.net:27017, ac-uifxa1f-shard-00-01.qy9a8p6.mongodb.net:27017], passives=[], arbiters=[], primary='ac-uifxa1f-shard-00-02.qy9a8p6.mongodb.net:27017', tagSet=TagSet{[Tag{name='availabilityZone', value='sae1-az2'}, Tag{name='diskState', value='READY'}, Tag{name='nodeType', value='ELECTABLE'}, Tag{name='provider', value='AWS'}, Tag{name='region', value='SA_EAST_1'}, Tag{name='workloadType', value='OPERATIONAL'}]}, electionId=7fffffff0000000000000036, setVersion=16, topologyVersion=TopologyVersion{processId=6866a21ce86b179c891206ba, counter=6}, lastWriteDate=Wed Jul 09 00:50:03 GMT-05:00 2025, lastUpdateTimeNanos=190114660260700}
2025-07-09T00:50:04.045-05:00  INFO 21172 --- [recepcion] [ngodb.net:27017] org.mongodb.driver.cluster               : Monitor thread successfully connected to server with description ServerDescription{address=ac-uifxa1f-shard-00-01.qy9a8p6.mongodb.net:27017, type=REPLICA_SET_SECONDARY, cryptd=false, state=CONNECTED, ok=true, minWireVersion=0, maxWireVersion=25, maxDocumentSize=16777216, logicalSessionTimeoutMinutes=30, roundTripTimeNanos=941938600, minRoundTripTimeNanos=0, setName='atlas-a4xqq4-shard-0', canonicalAddress=ac-uifxa1f-shard-00-01.qy9a8p6.mongodb.net:27017, hosts=[ac-uifxa1f-shard-00-00.qy9a8p6.mongodb.net:27017, ac-uifxa1f-shard-00-02.qy9a8p6.mongodb.net:27017, ac-uifxa1f-shard-00-01.qy9a8p6.mongodb.net:27017], passives=[], arbiters=[], primary='ac-uifxa1f-shard-00-02.qy9a8p6.mongodb.net:27017', tagSet=TagSet{[Tag{name='availabilityZone', value='sae1-az3'}, Tag{name='diskState', value='READY'}, Tag{name='nodeType', value='ELECTABLE'}, Tag{name='provider', value='AWS'}, Tag{name='region', value='SA_EAST_1'}, Tag{name='workloadType', value='OPERATIONAL'}]}, electionId=null, setVersion=16, topologyVersion=TopologyVersion{processId=6866a4d716472b8d517136ff, counter=3}, lastWriteDate=Wed Jul 09 00:50:03 GMT-05:00 2025, lastUpdateTimeNanos=190114660260700}
2025-07-09T00:50:04.051-05:00  INFO 21172 --- [recepcion] [ngodb.net:27017] org.mongodb.driver.cluster               : Discovered replica set primary ac-uifxa1f-shard-00-02.qy9a8p6.mongodb.net:27017 with max election id 7fffffff0000000000000036 and max set version 16
2025-07-09T00:50:04.913-05:00  INFO 21172 --- [recepcion] [           main] o.s.m.s.b.SimpleBrokerMessageHandler     : Starting...
2025-07-09T00:50:04.915-05:00  INFO 21172 --- [recepcion] [           main] o.s.m.s.b.SimpleBrokerMessageHandler     : BrokerAvailabilityEvent[available=true, SimpleBrokerMessageHandler [org.springframework.messaging.simp.broker.DefaultSubscriptionRegistry@5cf2f5d6]]
2025-07-09T00:50:04.916-05:00  INFO 21172 --- [recepcion] [           main] o.s.m.s.b.SimpleBrokerMessageHandler     : Started.
2025-07-09T00:50:04.930-05:00  INFO 21172 --- [recepcion] [           main] c.p.recepcion.RecepcionApplicationTests  : Started RecepcionApplicationTests in 5.085 seconds (process running for 6.744)
]]></system-out>
    <system-err><![CDATA[Mockito is currently self-attaching to enable the inline-mock-maker. This will no longer work in future releases of the JDK. Please add Mockito as an agent to your build as described in Mockito's documentation: https://javadoc.io/doc/org.mockito/mockito-core/latest/org.mockito/org/mockito/Mockito.html#0.3
WARNING: A Java agent has been loaded dynamically (C:\Users\NTTDATA\.m2\repository\net\bytebuddy\byte-buddy-agent\1.17.6\byte-buddy-agent-1.17.6.jar)
WARNING: If a serviceability tool is in use, please run with -XX:+EnableDynamicAgentLoading to hide this warning
WARNING: If a serviceability tool is not in use, please run with -Djdk.instrument.traceUsage for more information
WARNING: Dynamic loading of agents will be disallowed by default in a future release
]]></system-err>
  </testcase>
</testsuite>