<?xml version="1.0" encoding="UTF-8"?>
<testsuite xmlns:xsi="http://www.w3.org/2001/XMLSchema-instance" xsi:noNamespaceSchemaLocation="https://maven.apache.org/surefire/maven-surefire-plugin/xsd/surefire-test-report.xsd" version="3.0.2" name="com.pe.recepcion.RecepcionApplicationTests" time="7.493" tests="1" errors="0" skipped="0" failures="0">
  <properties>
[...]
</properties>
  <testcase name="contextLoads" classname="com.pe.recepcion.RecepcionApplicationTests" time="0.868">
    <system-out><![CDATA[16:25:38.277 [main] INFO org.springframework.test.context.support.AnnotationConfigContextLoaderUtils -- Could not detect default configuration classes for test class [com.pe.recepcion.RecepcionApplicationTests]: RecepcionApplicationTests does not declare any static, non-private, non-final, nested classes annotated with @Configuration.
16:25:38.527 [main] INFO org.springframework.boot.test.context.SpringBootTestContextBootstrapper -- Found @SpringBootConfiguration com.pe.recepcion.RecepcionApplication for test class com.pe.recepcion.RecepcionApplicationTests

  .   ____          _            __ _ _
 /\\ / ___'_ __ _ _(_)_ __  __ _ \ \ \ \
( ( )\___ | '_ | '_| | '_ \/ _` | \ \ \ \
 \\/  ___)| |_)| | | | | || (_| |  ) ) ) )
  '  |____| .__|_| |_|_| |_\__, | / / / /
 =========|_|==============|___/=/_/_/_/

 :: Spring Boot ::                (v3.5.3)

2025-07-11T16:25:39.523-05:00  INFO 23396 --- [recepcion] [           main] c.p.recepcion.RecepcionApplicationTests  : Starting RecepcionApplicationTests using Java 24.0.1 with PID 23396 (started by NTTDATA in C:\Users\NTTDATA\Desktop\Sergio\projects\invitation-matri\back\recepcion)
2025-07-11T16:25:39.524-05:00  INFO 23396 --- [recepcion] [           main] c.p.recepcion.RecepcionApplicationTests  : No active profile set, falling back to 1 default profile: "default"
2025-07-11T16:25:40.913-05:00  INFO 23396 --- [recepcion] [           main] .s.d.r.c.RepositoryConfigurationDelegate : Bootstrapping Spring Data MongoDB repositories in DEFAULT mode.
2025-07-11T16:25:41.004-05:00  INFO 23396 --- [recepcion] [           main] .s.d.r.c.RepositoryConfigurationDelegate : Finished Spring Data repository scanning in 81 ms. Found 3 MongoDB repository interfaces.
2025-07-11T16:25:42.160-05:00  INFO 23396 --- [recepcion] [8p6.mongodb.net] org.mongodb.driver.cluster               : Adding discovered server ac-uifxa1f-shard-00-02.qy9a8p6.mongodb.net:27017 to client view of cluster
2025-07-11T16:25:42.215-05:00  INFO 23396 --- [recepcion] [           main] org.mongodb.driver.client                : MongoClient with metadata {"application": {"name": "reception"}, "driver": {"name": "mongo-java-driver|sync|spring-boot", "version": "5.5.1"}, "os": {"type": "Windows", "name": "Windows 10", "architecture": "amd64", "version": "10.0"}, "platform": "Java/Oracle Corporation/24.0.1+9-30"} created with settings MongoClientSettings{readPreference=primary, writeConcern=WriteConcern{w=majority, wTimeout=null ms, journal=null}, retryWrites=true, retryReads=true, readConcern=ReadConcern{level=null}, credential=MongoCredential{mechanism=null, userName='admin', source='admin', password=<hidden>, mechanismProperties=<hidden>}, transportSettings=null, commandListeners=[], codecRegistry=ProvidersCodecRegistry{codecProviders=[ValueCodecProvider{}, BsonValueCodecProvider{}, DBRefCodecProvider{}, DBObjectCodecProvider{}, DocumentCodecProvider{}, CollectionCodecProvider{}, IterableCodecProvider{}, MapCodecProvider{}, GeoJsonCodecProvider{}, GridFSFileCodecProvider{}, Jsr310CodecProvider{}, JsonObjectCodecProvider{}, BsonCodecProvider{}, EnumCodecProvider{}, com.mongodb.client.model.mql.ExpressionCodecProvider@7b351446, com.mongodb.Jep395RecordCodecProvider@5f08fe00, com.mongodb.KotlinCodecProvider@a1691c0]}, loggerSettings=LoggerSettings{maxDocumentLength=1000}, clusterSettings={hosts=[127.0.0.1:27017], srvHost=reception.qy9a8p6.mongodb.net, srvServiceName=mongodb, mode=MULTIPLE, requiredClusterType=REPLICA_SET, requiredReplicaSetName='atlas-a4xqq4-shard-0', serverSelector='null', clusterListeners='[]', serverSelectionTimeout='30000 ms', localThreshold='15 ms'}, socketSettings=SocketSettings{connectTimeoutMS=10000, readTimeoutMS=0, receiveBufferSize=0, proxySettings=ProxySettings{host=null, port=null, username=null, password=null}}, heartbeatSocketSettings=SocketSettings{connectTimeoutMS=10000, readTimeoutMS=10000, receiveBufferSize=0, proxySettings=ProxySettings{host=null, port=null, username=null, password=null}}, connectionPoolSettings=ConnectionPoolSettings{maxSize=100, minSize=0, maxWaitTimeMS=120000, maxConnectionLifeTimeMS=0, maxConnectionIdleTimeMS=0, maintenanceInitialDelayMS=0, maintenanceFrequencyMS=60000, connectionPoolListeners=[], maxConnecting=2}, serverSettings=ServerSettings{heartbeatFrequencyMS=10000, minHeartbeatFrequencyMS=500, serverMonitoringMode=AUTO, serverListeners='[]', serverMonitorListeners='[]'}, sslSettings=SslSettings{enabled=true, invalidHostNameAllowed=false, context=null}, applicationName='reception', compressorList=[], uuidRepresentation=JAVA_LEGACY, serverApi=null, autoEncryptionSettings=null, dnsClient=null, inetAddressResolver=null, contextProvider=null, timeoutMS=null}
2025-07-11T16:25:42.235-05:00  INFO 23396 --- [recepcion] [8p6.mongodb.net] org.mongodb.driver.cluster               : Adding discovered server ac-uifxa1f-shard-00-00.qy9a8p6.mongodb.net:27017 to client view of cluster
2025-07-11T16:25:42.246-05:00  INFO 23396 --- [recepcion] [8p6.mongodb.net] org.mongodb.driver.cluster               : Adding discovered server ac-uifxa1f-shard-00-01.qy9a8p6.mongodb.net:27017 to client view of cluster
2025-07-11T16:25:43.147-05:00  INFO 23396 --- [recepcion] [           main] o.s.m.s.b.SimpleBrokerMessageHandler     : Starting...
2025-07-11T16:25:43.148-05:00  INFO 23396 --- [recepcion] [           main] o.s.m.s.b.SimpleBrokerMessageHandler     : BrokerAvailabilityEvent[available=true, SimpleBrokerMessageHandler [org.springframework.messaging.simp.broker.DefaultSubscriptionRegistry@1de7f898]]
2025-07-11T16:25:43.149-05:00  INFO 23396 --- [recepcion] [           main] o.s.m.s.b.SimpleBrokerMessageHandler     : Started.
2025-07-11T16:25:43.218-05:00  INFO 23396 --- [recepcion] [ngodb.net:27017] org.mongodb.driver.cluster               : Monitor thread successfully connected to server with description ServerDescription{address=ac-uifxa1f-shard-00-01.qy9a8p6.mongodb.net:27017, type=REPLICA_SET_PRIMARY, cryptd=false, state=CONNECTED, ok=true, minWireVersion=0, maxWireVersion=25, maxDocumentSize=16777216, logicalSessionTimeoutMinutes=30, roundTripTimeNanos=510883800, minRoundTripTimeNanos=0, setName='atlas-a4xqq4-shard-0', canonicalAddress=ac-uifxa1f-shard-00-01.qy9a8p6.mongodb.net:27017, hosts=[ac-uifxa1f-shard-00-00.qy9a8p6.mongodb.net:27017, ac-uifxa1f-shard-00-02.qy9a8p6.mongodb.net:27017, ac-uifxa1f-shard-00-01.qy9a8p6.mongodb.net:27017], passives=[], arbiters=[], primary='ac-uifxa1f-shard-00-01.qy9a8p6.mongodb.net:27017', tagSet=TagSet{[Tag{name='availabilityZone', value='sae1-az3'}, Tag{name='diskState', value='READY'}, Tag{name='nodeType', value='ELECTABLE'}, Tag{name='provider', value='AWS'}, Tag{name='region', value='SA_EAST_1'}, Tag{name='workloadType', value='OPERATIONAL'}]}, electionId=7fffffff0000000000000037, setVersion=16, topologyVersion=TopologyVersion{processId=68712cb71a569661642ec17a, counter=6}, lastWriteDate=Fri Jul 11 16:25:40 GMT-05:00 2025, lastUpdateTimeNanos=419066565513300}
2025-07-11T16:25:43.218-05:00  INFO 23396 --- [recepcion] [ngodb.net:27017] org.mongodb.driver.cluster               : Monitor thread successfully connected to server with description ServerDescription{address=ac-uifxa1f-shard-00-00.qy9a8p6.mongodb.net:27017, type=REPLICA_SET_SECONDARY, cryptd=false, state=CONNECTED, ok=true, minWireVersion=0, maxWireVersion=25, maxDocumentSize=16777216, logicalSessionTimeoutMinutes=30, roundTripTimeNanos=509232400, minRoundTripTimeNanos=0, setName='atlas-a4xqq4-shard-0', canonicalAddress=ac-uifxa1f-shard-00-00.qy9a8p6.mongodb.net:27017, hosts=[ac-uifxa1f-shard-00-00.qy9a8p6.mongodb.net:27017, ac-uifxa1f-shard-00-02.qy9a8p6.mongodb.net:27017, ac-uifxa1f-shard-00-01.qy9a8p6.mongodb.net:27017], passives=[], arbiters=[], primary='ac-uifxa1f-shard-00-01.qy9a8p6.mongodb.net:27017', tagSet=TagSet{[Tag{name='availabilityZone', value='sae1-az1'}, Tag{name='diskState', value='READY'}, Tag{name='nodeType', value='ELECTABLE'}, Tag{name='provider', value='AWS'}, Tag{name='region', value='SA_EAST_1'}, Tag{name='workloadType', value='OPERATIONAL'}]}, electionId=null, setVersion=16, topologyVersion=TopologyVersion{processId=68712c14d0dc91d574275fac, counter=4}, lastWriteDate=Fri Jul 11 16:25:40 GMT-05:00 2025, lastUpdateTimeNanos=419066565180100}
2025-07-11T16:25:43.219-05:00  INFO 23396 --- [recepcion] [ngodb.net:27017] org.mongodb.driver.cluster               : Monitor thread successfully connected to server with description ServerDescription{address=ac-uifxa1f-shard-00-02.qy9a8p6.mongodb.net:27017, type=REPLICA_SET_SECONDARY, cryptd=false, state=CONNECTED, ok=true, minWireVersion=0, maxWireVersion=25, maxDocumentSize=16777216, logicalSessionTimeoutMinutes=30, roundTripTimeNanos=510541700, minRoundTripTimeNanos=0, setName='atlas-a4xqq4-shard-0', canonicalAddress=ac-uifxa1f-shard-00-02.qy9a8p6.mongodb.net:27017, hosts=[ac-uifxa1f-shard-00-00.qy9a8p6.mongodb.net:27017, ac-uifxa1f-shard-00-02.qy9a8p6.mongodb.net:27017, ac-uifxa1f-shard-00-01.qy9a8p6.mongodb.net:27017], passives=[], arbiters=[], primary='ac-uifxa1f-shard-00-01.qy9a8p6.mongodb.net:27017', tagSet=TagSet{[Tag{name='availabilityZone', value='sae1-az2'}, Tag{name='diskState', value='READY'}, Tag{name='nodeType', value='ELECTABLE'}, Tag{name='provider', value='AWS'}, Tag{name='region', value='SA_EAST_1'}, Tag{name='workloadType', value='OPERATIONAL'}]}, electionId=null, setVersion=16, topologyVersion=TopologyVersion{processId=68712d57ab6316749bad8787, counter=3}, lastWriteDate=Fri Jul 11 16:25:40 GMT-05:00 2025, lastUpdateTimeNanos=419066565304300}
2025-07-11T16:25:43.225-05:00  INFO 23396 --- [recepcion] [ngodb.net:27017] org.mongodb.driver.cluster               : Discovered replica set primary ac-uifxa1f-shard-00-01.qy9a8p6.mongodb.net:27017 with max election id 7fffffff0000000000000037 and max set version 16
2025-07-11T16:25:43.359-05:00  INFO 23396 --- [recepcion] [           main] c.p.recepcion.RecepcionApplicationTests  : Started RecepcionApplicationTests in 4.538 seconds (process running for 6.183)
]]></system-out>
    <system-err><![CDATA[Mockito is currently self-attaching to enable the inline-mock-maker. This will no longer work in future releases of the JDK. Please add Mockito as an agent to your build as described in Mockito's documentation: https://javadoc.io/doc/org.mockito/mockito-core/latest/org.mockito/org/mockito/Mockito.html#0.3
WARNING: A Java agent has been loaded dynamically (C:\Users\NTTDATA\.m2\repository\net\bytebuddy\byte-buddy-agent\1.17.6\byte-buddy-agent-1.17.6.jar)
WARNING: If a serviceability tool is in use, please run with -XX:+EnableDynamicAgentLoading to hide this warning
WARNING: If a serviceability tool is not in use, please run with -Djdk.instrument.traceUsage for more information
WARNING: Dynamic loading of agents will be disallowed by default in a future release
]]></system-err>
  </testcase>
</testsuite>